http://www.50cnnet.com/xjj/152857.html
http://www.50cnnet.com/xln/152856.html
'ascii' codec can't encode characters in position 0-3: ordinal not in range(128)
http://www.50cnnet.com/swzy/152855.html
'ascii' codec can't encode characters in position 0-3: ordinal not in range(128)
http://www.50cnnet.com/zonghe/152854.html
'ascii' codec can't encode characters in position 0-3: ordinal not in range(128)
http://www.50cnnet.com/xrx/152853.html
'ascii' codec can't encode characters in position 0-3: ordinal not in range(128)
http://www.50cnnet.com/yjgc/152852.html
'ascii' codec can't encode characters in position 0-3: ordinal not in range(128)
http://www.50cnnet.com/zonghe/152851.html
'ascii' codec can't encode characters in position 0-3: ordinal not in range(128)
http://www.50cnnet.com/xrx/152850.html
'ascii' codec can't encode characters in position 0-3: ordinal not in range(128)
http://www.50cnnet.com/xsx/152849.html
'ascii' codec can't encode characters in position 0-3: ordinal not in range(128)
http://www.50cnnet.com/xln/152848.html
'ascii' codec can't encode characters in position 0-3: ordinal not in range(128)
http://www.50cnnet.com/show-29-152847.html
'ascii' codec can't encode characters in position 0-3: ordinal not in range(128)
http://www.50cnnet.com/xrx/152846.html
'ascii' codec can't encode characters in position 0-3: ordinal not in range(128)
http://www.50cnnet.com/xjj/152845.html
http://www.50cnnet.com/xsj/152844.html
'ascii' codec can't encode characters in position 0-3: ordinal not in range(128)
http://www.50cnnet.com/show-29-152839.html
'ascii' codec can't encode characters in position 0-4: ordinal not in range(128)
http://www.50cnnet.com/xln/152838.html
'ascii' codec can't encode characters in position 0-3: ordinal not in range(128)
http://www.50cnnet.com/show-169-152837.html
'ascii' codec can't encode characters in position 0-3: ordinal not in range(128)
http://www.50cnnet.com/show-39-152842.html
'ascii' codec can't encode characters in position 0-4: ordinal not in range(128)
http://www.50cnnet.com/show-62-152841.html
'ascii' codec can't encode characters in position 0-2: ordinal not in range(128)
http://www.50cnnet.com/show-96-152843.html
'ascii' codec can't encode characters in position 0-4: ordinal not in range(128)
http://www.50cnnet.com/show-96-152840.html
'ascii' codec can't encode characters in position 0-4: ordinal not in range(128)
